# JRE version: OpenJDK Runtime Environment (11.0.15) (build 11.0.15+0-b2043.56-9505619)
# Java VM: OpenJDK 64-Bit Server VM (11.0.15+0-b2043.56-9505619, mixed mode, tiered, compressed oops, g1 gc, windows-amd64)
Heap:
 garbage-first heap   total 129024K, used 67843K [0x0000000080000000, 0x0000000100000000)
  region size 1024K, 14 young (14336K), 5 survivors (5120K)
 Metaspace       used 77278K, capacity 79190K, committed 79440K, reserved 1118208K
  class space    used 10111K, capacity 10867K, committed 10956K, reserved 1048576K
GC Heap History (20 events):
Event: 5.214 GC heap before
{Heap before GC invocations=8 (full 0):
 garbage-first heap   total 129024K, used 84318K [0x0000000080000000, 0x0000000100000000)
  region size 1024K, 65 young (66560K), 7 survivors (7168K)
 Metaspace       used 40672K, capacity 41614K, committed 41808K, reserved 1085440K
  class space    used 5139K, capacity 5521K, committed 5580K, reserved 1048576K
}
Event: 5.225 GC heap after
{Heap after GC invocations=9 (full 0):
 garbage-first heap   total 129024K, used 29144K [0x0000000080000000, 0x0000000100000000)
  region size 1024K, 9 young (9216K), 9 survivors (9216K)
 Metaspace       used 40672K, capacity 41614K, committed 41808K, reserved 1085440K
  class space    used 5139K, capacity 5521K, committed 5580K, reserved 1048576K
}
Event: 5.706 GC heap before
{Heap before GC invocations=9 (full 0):
 garbage-first heap   total 129024K, used 88536K [0x0000000080000000, 0x0000000100000000)
  region size 1024K, 66 young (67584K), 9 survivors (9216K)
 Metaspace       used 45763K, capacity 46876K, committed 47184K, reserved 1089536K
  class space    used 5821K, capacity 6263K, committed 6348K, reserved 1048576K
}
Event: 5.713 GC heap after
{Heap after GC invocations=10 (full 0):
 garbage-first heap   total 129024K, used 31541K [0x0000000080000000, 0x0000000100000000)
  region size 1024K, 4 young (4096K), 4 survivors (4096K)
 Metaspace       used 45763K, capacity 46876K, committed 47184K, reserved 1089536K
  class space    used 5821K, capacity 6263K, committed 6348K, reserved 1048576K
}
Event: 6.269 GC heap before
{Heap before GC invocations=10 (full 0):
 garbage-first heap   total 129024K, used 90933K [0x0000000080000000, 0x0000000100000000)
  region size 1024K, 62 young (63488K), 4 survivors (4096K)
 Metaspace       used 49060K, capacity 50279K, committed 50384K, reserved 1093632K
  class space    used 6250K, capacity 6716K, committed 6732K, reserved 1048576K
}
Event: 6.272 GC heap after
{Heap after GC invocations=11 (full 0):
 garbage-first heap   total 129024K, used 32955K [0x0000000080000000, 0x0000000100000000)
  region size 1024K, 5 young (5120K), 5 survivors (5120K)
 Metaspace       used 49060K, capacity 50279K, committed 50384K, reserved 1093632K
  class space    used 6250K, capacity 6716K, committed 6732K, reserved 1048576K
}
Event: 7.122 GC heap before
{Heap before GC invocations=11 (full 0):
 garbage-first heap   total 129024K, used 96443K [0x0000000080000000, 0x0000000100000000)
  region size 1024K, 65 young (66560K), 5 survivors (5120K)
 Metaspace       used 53597K, capacity 54984K, committed 55248K, reserved 1097728K
  class space    used 6821K, capacity 7373K, committed 7500K, reserved 1048576K
}
Event: 7.127 GC heap after
{Heap after GC invocations=12 (full 0):
 garbage-first heap   total 129024K, used 41943K [0x0000000080000000, 0x0000000100000000)
  region size 1024K, 9 young (9216K), 9 survivors (9216K)
 Metaspace       used 53597K, capacity 54984K, committed 55248K, reserved 1097728K
  class space    used 6821K, capacity 7373K, committed 7500K, reserved 1048576K
}
Event: 7.480 GC heap before
{Heap before GC invocations=12 (full 0):
 garbage-first heap   total 129024K, used 75735K [0x0000000080000000, 0x0000000100000000)
  region size 1024K, 43 young (44032K), 9 survivors (9216K)
 Metaspace       used 58914K, capacity 60407K, committed 60496K, reserved 1101824K
  class space    used 7433K, capacity 8055K, committed 8140K, reserved 1048576K
}
Event: 7.488 GC heap after
{Heap after GC invocations=13 (full 0):
 garbage-first heap   total 129024K, used 43870K [0x0000000080000000, 0x0000000100000000)
  region size 1024K, 2 young (2048K), 2 survivors (2048K)
 Metaspace       used 58914K, capacity 60407K, committed 60496K, reserved 1101824K
  class space    used 7433K, capacity 8055K, committed 8140K, reserved 1048576K
}
Event: 8.010 GC heap before
{Heap before GC invocations=14 (full 0):
 garbage-first heap   total 129024K, used 97118K [0x0000000080000000, 0x0000000100000000)
  region size 1024K, 47 young (48128K), 2 survivors (2048K)
 Metaspace       used 63269K, capacity 64874K, committed 65104K, reserved 1105920K
  class space    used 7976K, capacity 8594K, committed 8652K, reserved 1048576K
}
Event: 8.015 GC heap after
{Heap after GC invocations=15 (full 0):
 garbage-first heap   total 129024K, used 48459K [0x0000000080000000, 0x0000000100000000)
  region size 1024K, 6 young (6144K), 6 survivors (6144K)
 Metaspace       used 63269K, capacity 64874K, committed 65104K, reserved 1105920K
  class space    used 7976K, capacity 8594K, committed 8652K, reserved 1048576K
}
Event: 8.338 GC heap before
{Heap before GC invocations=15 (full 0):
 garbage-first heap   total 129024K, used 93515K [0x0000000080000000, 0x0000000100000000)
  region size 1024K, 50 young (51200K), 6 survivors (6144K)
 Metaspace       used 66079K, capacity 67657K, committed 67792K, reserved 1107968K
  class space    used 8358K, capacity 8998K, committed 9036K, reserved 1048576K
}
Event: 8.344 GC heap after
{Heap after GC invocations=16 (full 0):
 garbage-first heap   total 129024K, used 52074K [0x0000000080000000, 0x0000000100000000)
  region size 1024K, 4 young (4096K), 4 survivors (4096K)
 Metaspace       used 66079K, capacity 67657K, committed 67792K, reserved 1107968K
  class space    used 8358K, capacity 8998K, committed 9036K, reserved 1048576K
}
Event: 8.573 GC heap before
{Heap before GC invocations=16 (full 0):
 garbage-first heap   total 129024K, used 96106K [0x0000000080000000, 0x0000000100000000)
  region size 1024K, 47 young (48128K), 4 survivors (4096K)
 Metaspace       used 67534K, capacity 69338K, committed 69584K, reserved 1110016K
  class space    used 8537K, capacity 9196K, committed 9292K, reserved 1048576K
}
Event: 8.576 GC heap after
{Heap after GC invocations=17 (full 0):
 garbage-first heap   total 129024K, used 54852K [0x0000000080000000, 0x0000000100000000)
  region size 1024K, 3 young (3072K), 3 survivors (3072K)
 Metaspace       used 67534K, capacity 69338K, committed 69584K, reserved 1110016K
  class space    used 8537K, capacity 9196K, committed 9292K, reserved 1048576K
}
Event: 9.046 GC heap before
{Heap before GC invocations=17 (full 0):
 garbage-first heap   total 129024K, used 98884K [0x0000000080000000, 0x0000000100000000)
  region size 1024K, 46 young (47104K), 3 survivors (3072K)
 Metaspace       used 72494K, capacity 74306K, committed 74576K, reserved 1114112K
  class space    used 9375K, capacity 10094K, committed 10188K, reserved 1048576K
}
Event: 9.049 GC heap after
{Heap after GC invocations=18 (full 0):
 garbage-first heap   total 129024K, used 57109K [0x0000000080000000, 0x0000000100000000)
  region size 1024K, 6 young (6144K), 6 survivors (6144K)
 Metaspace       used 72494K, capacity 74306K, committed 74576K, reserved 1114112K
  class space    used 9375K, capacity 10094K, committed 10188K, reserved 1048576K
}
Event: 9.415 GC heap before
{Heap before GC invocations=18 (full 0):
 garbage-first heap   total 129024K, used 101141K [0x0000000080000000, 0x0000000100000000)
  region size 1024K, 49 young (50176K), 6 survivors (6144K)
 Metaspace       used 76526K, capacity 78417K, committed 78544K, reserved 1118208K
  class space    used 9970K, capacity 10724K, committed 10828K, reserved 1048576K
}
Event: 9.419 GC heap after
{Heap after GC invocations=19 (full 0):
 garbage-first heap   total 129024K, used 59651K [0x0000000080000000, 0x0000000100000000)
  region size 1024K, 5 young (5120K), 5 survivors (5120K)
 Metaspace       used 76526K, capacity 78417K, committed 78544K, reserved 1118208K
  class space    used 9970K, capacity 10724K, committed 10828K, reserved 1048576K
}

