# JRE version: OpenJDK Runtime Environment (11.0.15) (build 11.0.15+0-b2043.56-9505619)
# Java VM: OpenJDK 64-Bit Server VM (11.0.15+0-b2043.56-9505619, mixed mode, tiered, compressed oops, g1 gc, windows-amd64)
Heap:
 garbage-first heap   total 155648K, used 60859K [0x0000000080000000, 0x0000000100000000)
  region size 1024K, 31 young (31744K), 11 survivors (11264K)
 Metaspace       used 58730K, capacity 60290K, committed 60444K, reserved 1101824K
  class space    used 7425K, capacity 8039K, committed 8088K, reserved 1048576K
GC Heap History (20 events):
Event: 0.514 GC heap before
{Heap before GC invocations=0 (full 0):
 garbage-first heap   total 129024K, used 29696K [0x0000000080000000, 0x0000000100000000)
  region size 1024K, 24 young (24576K), 0 survivors (0K)
 Metaspace       used 9778K, capacity 10020K, committed 10112K, reserved 1058816K
  class space    used 997K, capacity 1069K, committed 1152K, reserved 1048576K
}
Event: 0.518 GC heap after
{Heap after GC invocations=1 (full 0):
 garbage-first heap   total 129024K, used 9288K [0x0000000080000000, 0x0000000100000000)
  region size 1024K, 3 young (3072K), 3 survivors (3072K)
 Metaspace       used 9778K, capacity 10020K, committed 10112K, reserved 1058816K
  class space    used 997K, capacity 1069K, committed 1152K, reserved 1048576K
}
Event: 2.310 GC heap before
{Heap before GC invocations=1 (full 0):
 garbage-first heap   total 129024K, used 84040K [0x0000000080000000, 0x0000000100000000)
  region size 1024K, 75 young (76800K), 3 survivors (3072K)
 Metaspace       used 18147K, capacity 18562K, committed 18688K, reserved 1064960K
  class space    used 2127K, capacity 2279K, committed 2304K, reserved 1048576K
}
Event: 2.316 GC heap after
{Heap after GC invocations=2 (full 0):
 garbage-first heap   total 129024K, used 16154K [0x0000000080000000, 0x0000000100000000)
  region size 1024K, 10 young (10240K), 10 survivors (10240K)
 Metaspace       used 18147K, capacity 18562K, committed 18688K, reserved 1064960K
  class space    used 2127K, capacity 2279K, committed 2304K, reserved 1048576K
}
Event: 2.503 GC heap before
{Heap before GC invocations=2 (full 0):
 garbage-first heap   total 129024K, used 39706K [0x0000000080000000, 0x0000000100000000)
  region size 1024K, 34 young (34816K), 10 survivors (10240K)
 Metaspace       used 20775K, capacity 21187K, committed 21296K, reserved 1069056K
  class space    used 2522K, capacity 2685K, committed 2688K, reserved 1048576K
}
Event: 2.508 GC heap after
{Heap after GC invocations=3 (full 0):
 garbage-first heap   total 129024K, used 17643K [0x0000000080000000, 0x0000000100000000)
  region size 1024K, 2 young (2048K), 2 survivors (2048K)
 Metaspace       used 20775K, capacity 21187K, committed 21296K, reserved 1069056K
  class space    used 2522K, capacity 2685K, committed 2688K, reserved 1048576K
}
Event: 2.953 GC heap before
{Heap before GC invocations=4 (full 0):
 garbage-first heap   total 129024K, used 67819K [0x0000000080000000, 0x0000000100000000)
  region size 1024K, 52 young (53248K), 2 survivors (2048K)
 Metaspace       used 26191K, capacity 26836K, committed 26876K, reserved 1073152K
  class space    used 3403K, capacity 3620K, committed 3660K, reserved 1048576K
}
Event: 2.955 GC heap after
{Heap after GC invocations=5 (full 0):
 garbage-first heap   total 129024K, used 19266K [0x0000000080000000, 0x0000000100000000)
  region size 1024K, 3 young (3072K), 3 survivors (3072K)
 Metaspace       used 26191K, capacity 26836K, committed 26876K, reserved 1073152K
  class space    used 3403K, capacity 3620K, committed 3660K, reserved 1048576K
}
Event: 3.450 GC heap before
{Heap before GC invocations=5 (full 0):
 garbage-first heap   total 129024K, used 78658K [0x0000000080000000, 0x0000000100000000)
  region size 1024K, 61 young (62464K), 3 survivors (3072K)
 Metaspace       used 32094K, capacity 32842K, committed 33020K, reserved 1077248K
  class space    used 4309K, capacity 4609K, committed 4684K, reserved 1048576K
}
Event: 3.453 GC heap after
{Heap after GC invocations=6 (full 0):
 garbage-first heap   total 129024K, used 21022K [0x0000000080000000, 0x0000000100000000)
  region size 1024K, 5 young (5120K), 5 survivors (5120K)
 Metaspace       used 32094K, capacity 32842K, committed 33020K, reserved 1077248K
  class space    used 4309K, capacity 4609K, committed 4684K, reserved 1048576K
}
Event: 3.650 GC heap before
{Heap before GC invocations=6 (full 0):
 garbage-first heap   total 129024K, used 32286K [0x0000000080000000, 0x0000000100000000)
  region size 1024K, 17 young (17408K), 5 survivors (5120K)
 Metaspace       used 35071K, capacity 35953K, committed 36048K, reserved 1081344K
  class space    used 4564K, capacity 4921K, committed 4940K, reserved 1048576K
}
Event: 3.657 GC heap after
{Heap after GC invocations=7 (full 0):
 garbage-first heap   total 129024K, used 22914K [0x0000000080000000, 0x0000000100000000)
  region size 1024K, 7 young (7168K), 7 survivors (7168K)
 Metaspace       used 35071K, capacity 35953K, committed 36048K, reserved 1081344K
  class space    used 4564K, capacity 4921K, committed 4940K, reserved 1048576K
}
Event: 4.130 GC heap before
{Heap before GC invocations=8 (full 0):
 garbage-first heap   total 129024K, used 84354K [0x0000000080000000, 0x0000000100000000)
  region size 1024K, 65 young (66560K), 7 survivors (7168K)
 Metaspace       used 40630K, capacity 41613K, committed 41884K, reserved 1085440K
  class space    used 5131K, capacity 5521K, committed 5656K, reserved 1048576K
}
Event: 4.141 GC heap after
{Heap after GC invocations=9 (full 0):
 garbage-first heap   total 129024K, used 28019K [0x0000000080000000, 0x0000000100000000)
  region size 1024K, 9 young (9216K), 9 survivors (9216K)
 Metaspace       used 40630K, capacity 41613K, committed 41884K, reserved 1085440K
  class space    used 5131K, capacity 5521K, committed 5656K, reserved 1048576K
}
Event: 4.644 GC heap before
{Heap before GC invocations=10 (full 0):
 garbage-first heap   total 129024K, used 87411K [0x0000000080000000, 0x0000000100000000)
  region size 1024K, 67 young (68608K), 9 survivors (9216K)
 Metaspace       used 45759K, capacity 46877K, committed 47132K, reserved 1089536K
  class space    used 5823K, capacity 6263K, committed 6296K, reserved 1048576K
}
Event: 4.651 GC heap after
{Heap after GC invocations=11 (full 0):
 garbage-first heap   total 129024K, used 30720K [0x0000000080000000, 0x0000000100000000)
  region size 1024K, 4 young (4096K), 4 survivors (4096K)
 Metaspace       used 45759K, capacity 46877K, committed 47132K, reserved 1089536K
  class space    used 5823K, capacity 6263K, committed 6296K, reserved 1048576K
}
Event: 5.061 GC heap before
{Heap before GC invocations=11 (full 0):
 garbage-first heap   total 129024K, used 90112K [0x0000000080000000, 0x0000000100000000)
  region size 1024K, 63 young (64512K), 4 survivors (4096K)
 Metaspace       used 48996K, capacity 50199K, committed 50460K, reserved 1093632K
  class space    used 6252K, capacity 6732K, committed 6808K, reserved 1048576K
}
Event: 5.065 GC heap after
{Heap after GC invocations=12 (full 0):
 garbage-first heap   total 155648K, used 32388K [0x0000000080000000, 0x0000000100000000)
  region size 1024K, 5 young (5120K), 5 survivors (5120K)
 Metaspace       used 48996K, capacity 50199K, committed 50460K, reserved 1093632K
  class space    used 6252K, capacity 6732K, committed 6808K, reserved 1048576K
}
Event: 5.873 GC heap before
{Heap before GC invocations=12 (full 0):
 garbage-first heap   total 155648K, used 112260K [0x0000000080000000, 0x0000000100000000)
  region size 1024K, 81 young (82944K), 5 survivors (5120K)
 Metaspace       used 55800K, capacity 57288K, committed 57500K, reserved 1099776K
  class space    used 7040K, capacity 7589K, committed 7704K, reserved 1048576K
}
Event: 5.877 GC heap after
{Heap after GC invocations=13 (full 0):
 garbage-first heap   total 155648K, used 41403K [0x0000000080000000, 0x0000000100000000)
  region size 1024K, 11 young (11264K), 11 survivors (11264K)
 Metaspace       used 55800K, capacity 57288K, committed 57500K, reserved 1099776K
  class space    used 7040K, capacity 7589K, committed 7704K, reserved 1048576K
}

